{"C:\\Users\\gy659\\OneDrive\\Desktop\\CODING\\Namaste Dev\\Get-Food-App\\Frontend\\src\\components\\ContactUs.js": {"path":"C:\\Users\\gy659\\OneDrive\\Desktop\\CODING\\Namaste Dev\\Get-Food-App\\Frontend\\src\\components\\ContactUs.js","statementMap":{"0":{"start":{"line":4,"column":18},"end":{"line":239,"column":1}},"1":{"start":{"line":5,"column":34},"end":{"line":10,"column":4}},"2":{"start":{"line":11,"column":36},"end":{"line":11,"column":51}},"3":{"start":{"line":13,"column":28},"end":{"line":16,"column":3}},"4":{"start":{"line":14,"column":26},"end":{"line":14,"column":34}},"5":{"start":{"line":15,"column":4},"end":{"line":15,"column":54}},"6":{"start":{"line":15,"column":27},"end":{"line":15,"column":51}},"7":{"start":{"line":18,"column":23},"end":{"line":27,"column":3}},"8":{"start":{"line":19,"column":4},"end":{"line":19,"column":23}},"9":{"start":{"line":20,"column":4},"end":{"line":20,"column":53}},"10":{"start":{"line":21,"column":4},"end":{"line":21,"column":23}},"11":{"start":{"line":23,"column":4},"end":{"line":26,"column":13}},"12":{"start":{"line":24,"column":6},"end":{"line":24,"column":26}},"13":{"start":{"line":25,"column":6},"end":{"line":25,"column":76}},"14":{"start":{"line":29,"column":2},"end":{"line":238,"column":4}},"15":{"start":{"line":123,"column":37},"end":{"line":123,"column":66}},"16":{"start":{"line":124,"column":20},"end":{"line":142,"column":22}},"17":{"start":{"line":128,"column":39},"end":{"line":128,"column":92}},"18":{"start":{"line":128,"column":60},"end":{"line":128,"column":90}}},"fnMap":{"0":{"name":"(anonymous_0)","decl":{"start":{"line":4,"column":18},"end":{"line":4,"column":19}},"loc":{"start":{"line":4,"column":24},"end":{"line":239,"column":1}},"line":4},"1":{"name":"(anonymous_1)","decl":{"start":{"line":13,"column":28},"end":{"line":13,"column":29}},"loc":{"start":{"line":13,"column":35},"end":{"line":16,"column":3}},"line":13},"2":{"name":"(anonymous_2)","decl":{"start":{"line":15,"column":16},"end":{"line":15,"column":17}},"loc":{"start":{"line":15,"column":27},"end":{"line":15,"column":51}},"line":15},"3":{"name":"(anonymous_3)","decl":{"start":{"line":18,"column":23},"end":{"line":18,"column":24}},"loc":{"start":{"line":18,"column":30},"end":{"line":27,"column":3}},"line":18},"4":{"name":"(anonymous_4)","decl":{"start":{"line":23,"column":15},"end":{"line":23,"column":16}},"loc":{"start":{"line":23,"column":21},"end":{"line":26,"column":5}},"line":23},"5":{"name":"(anonymous_5)","decl":{"start":{"line":122,"column":24},"end":{"line":122,"column":25}},"loc":{"start":{"line":122,"column":34},"end":{"line":143,"column":19}},"line":122},"6":{"name":"(anonymous_6)","decl":{"start":{"line":128,"column":33},"end":{"line":128,"column":34}},"loc":{"start":{"line":128,"column":39},"end":{"line":128,"column":92}},"line":128},"7":{"name":"(anonymous_7)","decl":{"start":{"line":128,"column":51},"end":{"line":128,"column":52}},"loc":{"start":{"line":128,"column":60},"end":{"line":128,"column":90}},"line":128}},"branchMap":{"0":{"loc":{"start":{"line":67,"column":13},"end":{"line":75,"column":13}},"type":"binary-expr","locations":[{"start":{"line":67,"column":13},"end":{"line":67,"column":22}},{"start":{"line":68,"column":14},"end":{"line":74,"column":20}}],"line":67},"1":{"loc":{"start":{"line":130,"column":26},"end":{"line":132,"column":124}},"type":"cond-expr","locations":[{"start":{"line":131,"column":30},"end":{"line":131,"column":129}},{"start":{"line":132,"column":30},"end":{"line":132,"column":124}}],"line":130},"2":{"loc":{"start":{"line":137,"column":26},"end":{"line":137,"column":93}},"type":"cond-expr","locations":[{"start":{"line":137,"column":37},"end":{"line":137,"column":70}},{"start":{"line":137,"column":73},"end":{"line":137,"column":93}}],"line":137},"3":{"loc":{"start":{"line":139,"column":27},"end":{"line":139,"column":93}},"type":"binary-expr","locations":[{"start":{"line":139,"column":27},"end":{"line":139,"column":35}},{"start":{"line":139,"column":39},"end":{"line":139,"column":93}}],"line":139}},"s":{"0":1,"1":4,"2":4,"3":4,"4":0,"5":0,"6":0,"7":4,"8":0,"9":0,"10":0,"11":0,"12":0,"13":0,"14":4,"15":16,"16":16,"17":0,"18":0},"f":{"0":4,"1":0,"2":0,"3":0,"4":0,"5":16,"6":0,"7":0},"b":{"0":[4,0],"1":[4,12],"2":[4,12],"3":[16,4]},"_coverageSchema":"1a1c01bbd47fc00a2c39e90264f33305004495a9","hash":"e4b34fa94246333272dfeb7284f31bdfe87abf48"}
,"C:\\Users\\gy659\\OneDrive\\Desktop\\CODING\\Namaste Dev\\Get-Food-App\\Frontend\\src\\components\\sum.js": {"path":"C:\\Users\\gy659\\OneDrive\\Desktop\\CODING\\Namaste Dev\\Get-Food-App\\Frontend\\src\\components\\sum.js","statementMap":{"0":{"start":{"line":1,"column":19},"end":{"line":4,"column":1}},"1":{"start":{"line":3,"column":4},"end":{"line":3,"column":17}}},"fnMap":{"0":{"name":"(anonymous_0)","decl":{"start":{"line":1,"column":19},"end":{"line":1,"column":20}},"loc":{"start":{"line":2,"column":0},"end":{"line":4,"column":1}},"line":2}},"branchMap":{},"s":{"0":1,"1":1},"f":{"0":1},"b":{},"_coverageSchema":"1a1c01bbd47fc00a2c39e90264f33305004495a9","hash":"c795bd46e4d3539d92080e733e9194747a86bc15"}
}
