TN:
SF:src\components\ContactUs.js
FN:4,(anonymous_0)
FN:13,(anonymous_1)
FN:15,(anonymous_2)
FN:18,(anonymous_3)
FN:23,(anonymous_4)
FN:122,(anonymous_5)
FN:128,(anonymous_6)
FN:128,(anonymous_7)
FNF:8
FNH:2
FNDA:4,(anonymous_0)
FNDA:0,(anonymous_1)
FNDA:0,(anonymous_2)
FNDA:0,(anonymous_3)
FNDA:0,(anonymous_4)
FNDA:16,(anonymous_5)
FNDA:0,(anonymous_6)
FNDA:0,(anonymous_7)
DA:4,1
DA:5,4
DA:11,4
DA:13,4
DA:14,0
DA:15,0
DA:18,4
DA:19,0
DA:20,0
DA:21,0
DA:23,0
DA:24,0
DA:25,0
DA:29,4
DA:123,16
DA:124,16
DA:128,0
LF:17
LH:8
BRDA:67,0,0,4
BRDA:67,0,1,0
BRDA:130,1,0,4
BRDA:130,1,1,12
BRDA:137,2,0,4
BRDA:137,2,1,12
BRDA:139,3,0,16
BRDA:139,3,1,4
BRF:8
BRH:7
end_of_record
TN:
SF:src\components\sum.js
FN:1,(anonymous_0)
FNF:1
FNH:1
FNDA:1,(anonymous_0)
DA:1,1
DA:3,1
LF:2
LH:2
BRF:0
BRH:0
end_of_record
